{
  meta: {
    req: {
      url: '/error',
      headers: {
        'user-agent': 'vscode-restclient',
        'accept-encoding': 'gzip, deflate',
        host: 'localhost:3000',
        connection: 'keep-alive'
      },
      method: 'GET',
      httpVersion: '1.1',
      originalUrl: '/error',
      query: [Object: null prototype] {}
    },
    res: { statusCode: 500 },
    responseTime: 3
  },
  level: '\x1B[31merror\x1B[39m',
  message: 'HTTP GET /error',
  timestamp: '2026-05-27T16:47:13.941Z'
}
{
  meta: {
    req: {
      url: '/warning',
      headers: {
        'user-agent': 'vscode-restclient',
        'accept-encoding': 'gzip, deflate',
        host: 'localhost:3000',
        connection: 'keep-alive'
      },
      method: 'GET',
      httpVersion: '1.1',
      originalUrl: '/warning',
      query: [Object: null prototype] {}
    },
    res: { statusCode: 400 },
    responseTime: 1
  },
  level: '\x1B[33mwarn\x1B[39m',
  message: 'HTTP GET /warning',
  timestamp: '2026-05-27T16:47:17.306Z'
}
{
  meta: {
    req: {
      url: '/error',
      headers: {
        'user-agent': 'vscode-restclient',
        'accept-encoding': 'gzip, deflate',
        host: 'localhost:3000',
        connection: 'keep-alive'
      },
      method: 'GET',
      httpVersion: '1.1',
      originalUrl: '/error',
      query: [Object: null prototype] {}
    },
    res: { statusCode: 500 },
    responseTime: 0
  },
  level: '\x1B[31merror\x1B[39m',
  message: 'HTTP GET /error',
  timestamp: '2026-05-27T16:47:47.384Z'
}
{
  meta: {
    req: {
      url: '/error',
      headers: {
        'user-agent': 'vscode-restclient',
        'accept-encoding': 'gzip, deflate',
        host: 'localhost:3000',
        connection: 'keep-alive'
      },
      method: 'GET',
      httpVersion: '1.1',
      originalUrl: '/error',
      query: [Object: null prototype] {}
    },
    res: { statusCode: 500 },
    responseTime: 0
  },
  level: '\x1B[31merror\x1B[39m',
  message: 'HTTP GET /error',
  timestamp: '2026-05-27T16:47:47.926Z'
}
{
  meta: {
    req: {
      url: '/error',
      headers: {
        'user-agent': 'vscode-restclient',
        'accept-encoding': 'gzip, deflate',
        host: 'localhost:3000',
        connection: 'keep-alive'
      },
      method: 'GET',
      httpVersion: '1.1',
      originalUrl: '/error',
      query: [Object: null prototype] {}
    },
    res: { statusCode: 500 },
    responseTime: 0
  },
  level: '\x1B[31merror\x1B[39m',
  message: 'HTTP GET /error',
  timestamp: '2026-05-27T16:47:48.685Z'
}
